[2019-07-08 08:54:45] local.ERROR: SQLSTATE[HY000] [1049] Unknown database 'laravel' (SQL: select * from information_schema.tables where table_schema = laravel and table_name = vh_modules and table_type = 'BASE TABLE') {"exception":"[object] (Illuminate\\Database\\QueryException(code: 1049): SQLSTATE[HY000] [1049] Unknown database 'laravel' (SQL: select * from information_schema.tables where table_schema = laravel and table_name = vh_modules and table_type = 'BASE TABLE') at F:\\xampp72\\htdocs\\vaahcms-ready\\vendor\\laravel\\framework\\src\\Illuminate\\Database\\Connection.php:664, PDOException(code: 1049): SQLSTATE[HY000] [1049] Unknown database 'laravel' at F:\\xampp72\\htdocs\\vaahcms-ready\\vendor\\laravel\\framework\\src\\Illuminate\\Database\\Connectors\\Connector.php:70)
[stacktrace]
#0 F:\\xampp72\\htdocs\\vaahcms-ready\\vendor\\laravel\\framework\\src\\Illuminate\\Database\\Connection.php(624): Illuminate\\Database\\Connection->runQueryCallback('select * from i...', Array, Object(Closure))
#1 F:\\xampp72\\htdocs\\vaahcms-ready\\vendor\\laravel\\framework\\src\\Illuminate\\Database\\Connection.php(333): Illuminate\\Database\\Connection->run('select * from i...', Array, Object(Closure))
#2 F:\\xampp72\\htdocs\\vaahcms-ready\\vendor\\laravel\\framework\\src\\Illuminate\\Database\\Schema\\MySqlBuilder.php(18): Illuminate\\Database\\Connection->select('select * from i...', Array)
#3 F:\\xampp72\\htdocs\\vaahcms-ready\\vendor\\laravel\\framework\\src\\Illuminate\\Support\\Facades\\Facade.php(237): Illuminate\\Database\\Schema\\MySqlBuilder->hasTable('vh_modules')
#4 F:\\xampp72\\htdocs\\vaahcms-ready\\vendor\\webreinvent\\vaahcms\\src\\Providers\\ModulesServiceProvider.php(38): Illuminate\\Support\\Facades\\Facade::__callStatic('hasTable', Array)
#5 F:\\xampp72\\htdocs\\vaahcms-ready\\vendor\\webreinvent\\vaahcms\\src\\Providers\\ModulesServiceProvider.php(20): WebReinvent\\VaahCms\\Providers\\ModulesServiceProvider->registerModuleServiceProviders()
#6 [internal function]: WebReinvent\\VaahCms\\Providers\\ModulesServiceProvider->boot()
#7 F:\\xampp72\\htdocs\\vaahcms-ready\\vendor\\laravel\\framework\\src\\Illuminate\\Container\\BoundMethod.php(32): call_user_func_array(Array, Array)
#8 F:\\xampp72\\htdocs\\vaahcms-ready\\vendor\\laravel\\framework\\src\\Illuminate\\Container\\BoundMethod.php(90): Illuminate\\Container\\BoundMethod::Illuminate\\Container\\{closure}()
#9 F:\\xampp72\\htdocs\\vaahcms-ready\\vendor\\laravel\\framework\\src\\Illuminate\\Container\\BoundMethod.php(34): Illuminate\\Container\\BoundMethod::callBoundMethod(Object(Illuminate\\Foundation\\Application), Array, Object(Closure))
#10 F:\\xampp72\\htdocs\\vaahcms-ready\\vendor\\laravel\\framework\\src\\Illuminate\\Container\\Container.php(576): Illuminate\\Container\\BoundMethod::call(Object(Illuminate\\Foundation\\Application), Array, Array, NULL)
#11 F:\\xampp72\\htdocs\\vaahcms-ready\\vendor\\laravel\\framework\\src\\Illuminate\\Foundation\\Application.php(827): Illuminate\\Container\\Container->call(Array)
#12 F:\\xampp72\\htdocs\\vaahcms-ready\\vendor\\laravel\\framework\\src\\Illuminate\\Foundation\\Application.php(810): Illuminate\\Foundation\\Application->bootProvider(Object(WebReinvent\\VaahCms\\Providers\\ModulesServiceProvider))
#13 [internal function]: Illuminate\\Foundation\\Application->Illuminate\\Foundation\\{closure}(Object(WebReinvent\\VaahCms\\Providers\\ModulesServiceProvider), 17)
#14 F:\\xampp72\\htdocs\\vaahcms-ready\\vendor\\laravel\\framework\\src\\Illuminate\\Foundation\\Application.php(811): array_walk(Array, Object(Closure))
#15 F:\\xampp72\\htdocs\\vaahcms-ready\\vendor\\laravel\\framework\\src\\Illuminate\\Foundation\\Bootstrap\\BootProviders.php(17): Illuminate\\Foundation\\Application->boot()
#16 F:\\xampp72\\htdocs\\vaahcms-ready\\vendor\\laravel\\framework\\src\\Illuminate\\Foundation\\Application.php(210): Illuminate\\Foundation\\Bootstrap\\BootProviders->bootstrap(Object(Illuminate\\Foundation\\Application))
#17 F:\\xampp72\\htdocs\\vaahcms-ready\\vendor\\laravel\\framework\\src\\Illuminate\\Foundation\\Console\\Kernel.php(322): Illuminate\\Foundation\\Application->bootstrapWith(Array)
#18 F:\\xampp72\\htdocs\\vaahcms-ready\\vendor\\laravel\\framework\\src\\Illuminate\\Foundation\\Console\\Kernel.php(131): Illuminate\\Foundation\\Console\\Kernel->bootstrap()
#19 F:\\xampp72\\htdocs\\vaahcms-ready\\artisan(37): Illuminate\\Foundation\\Console\\Kernel->handle(Object(Symfony\\Component\\Console\\Input\\ArgvInput), Object(Symfony\\Component\\Console\\Output\\ConsoleOutput))
#20 {main}
"} 
[2019-07-08 08:56:10] local.ERROR: SQLSTATE[HY000] [1049] Unknown database 'laravel' (SQL: select * from information_schema.tables where table_schema = laravel and table_name = vh_modules and table_type = 'BASE TABLE') {"exception":"[object] (Illuminate\\Database\\QueryException(code: 1049): SQLSTATE[HY000] [1049] Unknown database 'laravel' (SQL: select * from information_schema.tables where table_schema = laravel and table_name = vh_modules and table_type = 'BASE TABLE') at F:\\xampp72\\htdocs\\vaahcms-ready\\vendor\\laravel\\framework\\src\\Illuminate\\Database\\Connection.php:664, PDOException(code: 1049): SQLSTATE[HY000] [1049] Unknown database 'laravel' at F:\\xampp72\\htdocs\\vaahcms-ready\\vendor\\laravel\\framework\\src\\Illuminate\\Database\\Connectors\\Connector.php:70)
[stacktrace]
#0 F:\\xampp72\\htdocs\\vaahcms-ready\\vendor\\laravel\\framework\\src\\Illuminate\\Database\\Connection.php(624): Illuminate\\Database\\Connection->runQueryCallback('select * from i...', Array, Object(Closure))
#1 F:\\xampp72\\htdocs\\vaahcms-ready\\vendor\\laravel\\framework\\src\\Illuminate\\Database\\Connection.php(333): Illuminate\\Database\\Connection->run('select * from i...', Array, Object(Closure))
#2 F:\\xampp72\\htdocs\\vaahcms-ready\\vendor\\laravel\\framework\\src\\Illuminate\\Database\\Schema\\MySqlBuilder.php(18): Illuminate\\Database\\Connection->select('select * from i...', Array)
#3 F:\\xampp72\\htdocs\\vaahcms-ready\\vendor\\laravel\\framework\\src\\Illuminate\\Support\\Facades\\Facade.php(237): Illuminate\\Database\\Schema\\MySqlBuilder->hasTable('vh_modules')
#4 F:\\xampp72\\htdocs\\vaahcms-ready\\vendor\\webreinvent\\vaahcms\\src\\Providers\\ModulesServiceProvider.php(38): Illuminate\\Support\\Facades\\Facade::__callStatic('hasTable', Array)
#5 F:\\xampp72\\htdocs\\vaahcms-ready\\vendor\\webreinvent\\vaahcms\\src\\Providers\\ModulesServiceProvider.php(20): WebReinvent\\VaahCms\\Providers\\ModulesServiceProvider->registerModuleServiceProviders()
#6 [internal function]: WebReinvent\\VaahCms\\Providers\\ModulesServiceProvider->boot()
#7 F:\\xampp72\\htdocs\\vaahcms-ready\\vendor\\laravel\\framework\\src\\Illuminate\\Container\\BoundMethod.php(32): call_user_func_array(Array, Array)
#8 F:\\xampp72\\htdocs\\vaahcms-ready\\vendor\\laravel\\framework\\src\\Illuminate\\Container\\BoundMethod.php(90): Illuminate\\Container\\BoundMethod::Illuminate\\Container\\{closure}()
#9 F:\\xampp72\\htdocs\\vaahcms-ready\\vendor\\laravel\\framework\\src\\Illuminate\\Container\\BoundMethod.php(34): Illuminate\\Container\\BoundMethod::callBoundMethod(Object(Illuminate\\Foundation\\Application), Array, Object(Closure))
#10 F:\\xampp72\\htdocs\\vaahcms-ready\\vendor\\laravel\\framework\\src\\Illuminate\\Container\\Container.php(576): Illuminate\\Container\\BoundMethod::call(Object(Illuminate\\Foundation\\Application), Array, Array, NULL)
#11 F:\\xampp72\\htdocs\\vaahcms-ready\\vendor\\laravel\\framework\\src\\Illuminate\\Foundation\\Application.php(827): Illuminate\\Container\\Container->call(Array)
#12 F:\\xampp72\\htdocs\\vaahcms-ready\\vendor\\laravel\\framework\\src\\Illuminate\\Foundation\\Application.php(810): Illuminate\\Foundation\\Application->bootProvider(Object(WebReinvent\\VaahCms\\Providers\\ModulesServiceProvider))
#13 [internal function]: Illuminate\\Foundation\\Application->Illuminate\\Foundation\\{closure}(Object(WebReinvent\\VaahCms\\Providers\\ModulesServiceProvider), 17)
#14 F:\\xampp72\\htdocs\\vaahcms-ready\\vendor\\laravel\\framework\\src\\Illuminate\\Foundation\\Application.php(811): array_walk(Array, Object(Closure))
#15 F:\\xampp72\\htdocs\\vaahcms-ready\\vendor\\laravel\\framework\\src\\Illuminate\\Foundation\\Bootstrap\\BootProviders.php(17): Illuminate\\Foundation\\Application->boot()
#16 F:\\xampp72\\htdocs\\vaahcms-ready\\vendor\\laravel\\framework\\src\\Illuminate\\Foundation\\Application.php(210): Illuminate\\Foundation\\Bootstrap\\BootProviders->bootstrap(Object(Illuminate\\Foundation\\Application))
#17 F:\\xampp72\\htdocs\\vaahcms-ready\\vendor\\laravel\\framework\\src\\Illuminate\\Foundation\\Console\\Kernel.php(322): Illuminate\\Foundation\\Application->bootstrapWith(Array)
#18 F:\\xampp72\\htdocs\\vaahcms-ready\\vendor\\laravel\\framework\\src\\Illuminate\\Foundation\\Console\\Kernel.php(131): Illuminate\\Foundation\\Console\\Kernel->bootstrap()
#19 F:\\xampp72\\htdocs\\vaahcms-ready\\artisan(37): Illuminate\\Foundation\\Console\\Kernel->handle(Object(Symfony\\Component\\Console\\Input\\ArgvInput), Object(Symfony\\Component\\Console\\Output\\ConsoleOutput))
#20 {main}
"} 
[2019-07-08 08:56:36] production.ERROR: SQLSTATE[HY000] [1044] Access denied for user ''@'localhost' to database 'forge' (SQL: select * from information_schema.tables where table_schema = forge and table_name = vh_modules and table_type = 'BASE TABLE') {"exception":"[object] (Illuminate\\Database\\QueryException(code: 1044): SQLSTATE[HY000] [1044] Access denied for user ''@'localhost' to database 'forge' (SQL: select * from information_schema.tables where table_schema = forge and table_name = vh_modules and table_type = 'BASE TABLE') at F:\\xampp72\\htdocs\\vaahcms-ready\\vendor\\laravel\\framework\\src\\Illuminate\\Database\\Connection.php:664, PDOException(code: 1044): SQLSTATE[HY000] [1044] Access denied for user ''@'localhost' to database 'forge' at F:\\xampp72\\htdocs\\vaahcms-ready\\vendor\\laravel\\framework\\src\\Illuminate\\Database\\Connectors\\Connector.php:70)
[stacktrace]
#0 F:\\xampp72\\htdocs\\vaahcms-ready\\vendor\\laravel\\framework\\src\\Illuminate\\Database\\Connection.php(624): Illuminate\\Database\\Connection->runQueryCallback('select * from i...', Array, Object(Closure))
#1 F:\\xampp72\\htdocs\\vaahcms-ready\\vendor\\laravel\\framework\\src\\Illuminate\\Database\\Connection.php(333): Illuminate\\Database\\Connection->run('select * from i...', Array, Object(Closure))
#2 F:\\xampp72\\htdocs\\vaahcms-ready\\vendor\\laravel\\framework\\src\\Illuminate\\Database\\Schema\\MySqlBuilder.php(18): Illuminate\\Database\\Connection->select('select * from i...', Array)
#3 F:\\xampp72\\htdocs\\vaahcms-ready\\vendor\\laravel\\framework\\src\\Illuminate\\Support\\Facades\\Facade.php(237): Illuminate\\Database\\Schema\\MySqlBuilder->hasTable('vh_modules')
#4 F:\\xampp72\\htdocs\\vaahcms-ready\\vendor\\webreinvent\\vaahcms\\src\\Providers\\ModulesServiceProvider.php(38): Illuminate\\Support\\Facades\\Facade::__callStatic('hasTable', Array)
#5 F:\\xampp72\\htdocs\\vaahcms-ready\\vendor\\webreinvent\\vaahcms\\src\\Providers\\ModulesServiceProvider.php(20): WebReinvent\\VaahCms\\Providers\\ModulesServiceProvider->registerModuleServiceProviders()
#6 [internal function]: WebReinvent\\VaahCms\\Providers\\ModulesServiceProvider->boot()
#7 F:\\xampp72\\htdocs\\vaahcms-ready\\vendor\\laravel\\framework\\src\\Illuminate\\Container\\BoundMethod.php(32): call_user_func_array(Array, Array)
#8 F:\\xampp72\\htdocs\\vaahcms-ready\\vendor\\laravel\\framework\\src\\Illuminate\\Container\\BoundMethod.php(90): Illuminate\\Container\\BoundMethod::Illuminate\\Container\\{closure}()
#9 F:\\xampp72\\htdocs\\vaahcms-ready\\vendor\\laravel\\framework\\src\\Illuminate\\Container\\BoundMethod.php(34): Illuminate\\Container\\BoundMethod::callBoundMethod(Object(Illuminate\\Foundation\\Application), Array, Object(Closure))
#10 F:\\xampp72\\htdocs\\vaahcms-ready\\vendor\\laravel\\framework\\src\\Illuminate\\Container\\Container.php(576): Illuminate\\Container\\BoundMethod::call(Object(Illuminate\\Foundation\\Application), Array, Array, NULL)
#11 F:\\xampp72\\htdocs\\vaahcms-ready\\vendor\\laravel\\framework\\src\\Illuminate\\Foundation\\Application.php(827): Illuminate\\Container\\Container->call(Array)
#12 F:\\xampp72\\htdocs\\vaahcms-ready\\vendor\\laravel\\framework\\src\\Illuminate\\Foundation\\Application.php(810): Illuminate\\Foundation\\Application->bootProvider(Object(WebReinvent\\VaahCms\\Providers\\ModulesServiceProvider))
#13 [internal function]: Illuminate\\Foundation\\Application->Illuminate\\Foundation\\{closure}(Object(WebReinvent\\VaahCms\\Providers\\ModulesServiceProvider), 17)
#14 F:\\xampp72\\htdocs\\vaahcms-ready\\vendor\\laravel\\framework\\src\\Illuminate\\Foundation\\Application.php(811): array_walk(Array, Object(Closure))
#15 F:\\xampp72\\htdocs\\vaahcms-ready\\vendor\\laravel\\framework\\src\\Illuminate\\Foundation\\Bootstrap\\BootProviders.php(17): Illuminate\\Foundation\\Application->boot()
#16 F:\\xampp72\\htdocs\\vaahcms-ready\\vendor\\laravel\\framework\\src\\Illuminate\\Foundation\\Application.php(210): Illuminate\\Foundation\\Bootstrap\\BootProviders->bootstrap(Object(Illuminate\\Foundation\\Application))
#17 F:\\xampp72\\htdocs\\vaahcms-ready\\vendor\\laravel\\framework\\src\\Illuminate\\Foundation\\Console\\Kernel.php(322): Illuminate\\Foundation\\Application->bootstrapWith(Array)
#18 F:\\xampp72\\htdocs\\vaahcms-ready\\vendor\\laravel\\framework\\src\\Illuminate\\Foundation\\Console\\Kernel.php(131): Illuminate\\Foundation\\Console\\Kernel->bootstrap()
#19 F:\\xampp72\\htdocs\\vaahcms-ready\\artisan(37): Illuminate\\Foundation\\Console\\Kernel->handle(Object(Symfony\\Component\\Console\\Input\\ArgvInput), Object(Symfony\\Component\\Console\\Output\\ConsoleOutput))
#20 {main}
"} 
[2019-07-08 15:04:01] local.ERROR: Class 'WebReinvent\VaahCms\VaahCmsServiceProvider' not found {"exception":"[object] (Symfony\\Component\\Debug\\Exception\\FatalThrowableError(code: 0): Class 'WebReinvent\\VaahCms\\VaahCmsServiceProvider' not found at F:\\xampp72\\htdocs\\vaahcms-ready\\vendor\\laravel\\framework\\src\\Illuminate\\Foundation\\ProviderRepository.php:208)
[stacktrace]
#0 F:\\xampp72\\htdocs\\vaahcms-ready\\vendor\\laravel\\framework\\src\\Illuminate\\Foundation\\ProviderRepository.php(144): Illuminate\\Foundation\\ProviderRepository->createProvider('WebReinvent\\\\Vaa...')
#1 F:\\xampp72\\htdocs\\vaahcms-ready\\vendor\\laravel\\framework\\src\\Illuminate\\Foundation\\ProviderRepository.php(61): Illuminate\\Foundation\\ProviderRepository->compileManifest(Array)
#2 F:\\xampp72\\htdocs\\vaahcms-ready\\vendor\\laravel\\framework\\src\\Illuminate\\Foundation\\Application.php(584): Illuminate\\Foundation\\ProviderRepository->load(Array)
#3 F:\\xampp72\\htdocs\\vaahcms-ready\\vendor\\laravel\\framework\\src\\Illuminate\\Foundation\\Bootstrap\\RegisterProviders.php(17): Illuminate\\Foundation\\Application->registerConfiguredProviders()
#4 F:\\xampp72\\htdocs\\vaahcms-ready\\vendor\\laravel\\framework\\src\\Illuminate\\Foundation\\Application.php(210): Illuminate\\Foundation\\Bootstrap\\RegisterProviders->bootstrap(Object(Illuminate\\Foundation\\Application))
#5 F:\\xampp72\\htdocs\\vaahcms-ready\\vendor\\laravel\\framework\\src\\Illuminate\\Foundation\\Console\\Kernel.php(322): Illuminate\\Foundation\\Application->bootstrapWith(Array)
#6 F:\\xampp72\\htdocs\\vaahcms-ready\\vendor\\laravel\\framework\\src\\Illuminate\\Foundation\\Console\\Kernel.php(131): Illuminate\\Foundation\\Console\\Kernel->bootstrap()
#7 F:\\xampp72\\htdocs\\vaahcms-ready\\artisan(37): Illuminate\\Foundation\\Console\\Kernel->handle(Object(Symfony\\Component\\Console\\Input\\ArgvInput), Object(Symfony\\Component\\Console\\Output\\ConsoleOutput))
#8 {main}
"} 
