[2019-07-23 14:39:53] local.ERROR: SQLSTATE[HY000] [1045] Access denied for user 'forge'@'localhost' (using password: NO) (SQL: select * from information_schema.tables where table_schema = forge and table_name = vh_modules and table_type = 'BASE TABLE') {"exception":"[object] (Illuminate\\Database\\QueryException(code: 1045): SQLSTATE[HY000] [1045] Access denied for user 'forge'@'localhost' (using password: NO) (SQL: select * from information_schema.tables where table_schema = forge and table_name = vh_modules and table_type = 'BASE TABLE') at E:\\xampp73\\htdocs\\vaahcms-ready\\vendor\\laravel\\framework\\src\\Illuminate\\Database\\Connection.php:664, Doctrine\\DBAL\\Driver\\PDOException(code: 1045): SQLSTATE[HY000] [1045] Access denied for user 'forge'@'localhost' (using password: NO) at E:\\xampp73\\htdocs\\vaahcms-ready\\vendor\\doctrine\\dbal\\lib\\Doctrine\\DBAL\\Driver\\PDOConnection.php:31, PDOException(code: 1045): SQLSTATE[HY000] [1045] Access denied for user 'forge'@'localhost' (using password: NO) at E:\\xampp73\\htdocs\\vaahcms-ready\\vendor\\doctrine\\dbal\\lib\\Doctrine\\DBAL\\Driver\\PDOConnection.php:27)
[stacktrace]
#0 E:\\xampp73\\htdocs\\vaahcms-ready\\vendor\\laravel\\framework\\src\\Illuminate\\Database\\Connection.php(624): Illuminate\\Database\\Connection->runQueryCallback('select * from i...', Array, Object(Closure))
#1 E:\\xampp73\\htdocs\\vaahcms-ready\\vendor\\laravel\\framework\\src\\Illuminate\\Database\\Connection.php(333): Illuminate\\Database\\Connection->run('select * from i...', Array, Object(Closure))
#2 E:\\xampp73\\htdocs\\vaahcms-ready\\vendor\\laravel\\framework\\src\\Illuminate\\Database\\Schema\\MySqlBuilder.php(18): Illuminate\\Database\\Connection->select('select * from i...', Array)
#3 E:\\xampp73\\htdocs\\vaahcms-ready\\vendor\\laravel\\framework\\src\\Illuminate\\Support\\Facades\\Facade.php(237): Illuminate\\Database\\Schema\\MySqlBuilder->hasTable('vh_modules')
#4 E:\\xampp73\\htdocs\\vaahcms-ready\\vendor\\webreinvent\\vaahcms\\src\\Providers\\ModulesServiceProvider.php(39): Illuminate\\Support\\Facades\\Facade::__callStatic('hasTable', Array)
#5 E:\\xampp73\\htdocs\\vaahcms-ready\\vendor\\webreinvent\\vaahcms\\src\\Providers\\ModulesServiceProvider.php(21): WebReinvent\\VaahCms\\Providers\\ModulesServiceProvider->registerModuleServiceProviders()
#6 [internal function]: WebReinvent\\VaahCms\\Providers\\ModulesServiceProvider->boot()
#7 E:\\xampp73\\htdocs\\vaahcms-ready\\vendor\\laravel\\framework\\src\\Illuminate\\Container\\BoundMethod.php(32): call_user_func_array(Array, Array)
#8 E:\\xampp73\\htdocs\\vaahcms-ready\\vendor\\laravel\\framework\\src\\Illuminate\\Container\\BoundMethod.php(90): Illuminate\\Container\\BoundMethod::Illuminate\\Container\\{closure}()
#9 E:\\xampp73\\htdocs\\vaahcms-ready\\vendor\\laravel\\framework\\src\\Illuminate\\Container\\BoundMethod.php(34): Illuminate\\Container\\BoundMethod::callBoundMethod(Object(Illuminate\\Foundation\\Application), Array, Object(Closure))
#10 E:\\xampp73\\htdocs\\vaahcms-ready\\vendor\\laravel\\framework\\src\\Illuminate\\Container\\Container.php(576): Illuminate\\Container\\BoundMethod::call(Object(Illuminate\\Foundation\\Application), Array, Array, NULL)
#11 E:\\xampp73\\htdocs\\vaahcms-ready\\vendor\\laravel\\framework\\src\\Illuminate\\Foundation\\Application.php(827): Illuminate\\Container\\Container->call(Array)
#12 E:\\xampp73\\htdocs\\vaahcms-ready\\vendor\\laravel\\framework\\src\\Illuminate\\Foundation\\Application.php(810): Illuminate\\Foundation\\Application->bootProvider(Object(WebReinvent\\VaahCms\\Providers\\ModulesServiceProvider))
#13 [internal function]: Illuminate\\Foundation\\Application->Illuminate\\Foundation\\{closure}(Object(WebReinvent\\VaahCms\\Providers\\ModulesServiceProvider), 26)
#14 E:\\xampp73\\htdocs\\vaahcms-ready\\vendor\\laravel\\framework\\src\\Illuminate\\Foundation\\Application.php(811): array_walk(Array, Object(Closure))
#15 E:\\xampp73\\htdocs\\vaahcms-ready\\vendor\\laravel\\framework\\src\\Illuminate\\Foundation\\Bootstrap\\BootProviders.php(17): Illuminate\\Foundation\\Application->boot()
#16 E:\\xampp73\\htdocs\\vaahcms-ready\\vendor\\laravel\\framework\\src\\Illuminate\\Foundation\\Application.php(210): Illuminate\\Foundation\\Bootstrap\\BootProviders->bootstrap(Object(Illuminate\\Foundation\\Application))
#17 E:\\xampp73\\htdocs\\vaahcms-ready\\vendor\\laravel\\framework\\src\\Illuminate\\Foundation\\Console\\Kernel.php(322): Illuminate\\Foundation\\Application->bootstrapWith(Array)
#18 E:\\xampp73\\htdocs\\vaahcms-ready\\vendor\\laravel\\framework\\src\\Illuminate\\Foundation\\Console\\Kernel.php(131): Illuminate\\Foundation\\Console\\Kernel->bootstrap()
#19 E:\\xampp73\\htdocs\\vaahcms-ready\\artisan(37): Illuminate\\Foundation\\Console\\Kernel->handle(Object(Symfony\\Component\\Console\\Input\\ArgvInput), Object(Symfony\\Component\\Console\\Output\\ConsoleOutput))
#20 {main}
"} 
[2019-07-23 14:44:23] local.ERROR: SQLSTATE[HY000] [1045] Access denied for user 'forge'@'localhost' (using password: NO) (SQL: select * from information_schema.tables where table_schema = forge and table_name = vh_modules and table_type = 'BASE TABLE') {"exception":"[object] (Illuminate\\Database\\QueryException(code: 1045): SQLSTATE[HY000] [1045] Access denied for user 'forge'@'localhost' (using password: NO) (SQL: select * from information_schema.tables where table_schema = forge and table_name = vh_modules and table_type = 'BASE TABLE') at E:\\xampp73\\htdocs\\vaahcms-ready\\vendor\\laravel\\framework\\src\\Illuminate\\Database\\Connection.php:664, Doctrine\\DBAL\\Driver\\PDOException(code: 1045): SQLSTATE[HY000] [1045] Access denied for user 'forge'@'localhost' (using password: NO) at E:\\xampp73\\htdocs\\vaahcms-ready\\vendor\\doctrine\\dbal\\lib\\Doctrine\\DBAL\\Driver\\PDOConnection.php:31, PDOException(code: 1045): SQLSTATE[HY000] [1045] Access denied for user 'forge'@'localhost' (using password: NO) at E:\\xampp73\\htdocs\\vaahcms-ready\\vendor\\doctrine\\dbal\\lib\\Doctrine\\DBAL\\Driver\\PDOConnection.php:27)
[stacktrace]
#0 E:\\xampp73\\htdocs\\vaahcms-ready\\vendor\\laravel\\framework\\src\\Illuminate\\Database\\Connection.php(624): Illuminate\\Database\\Connection->runQueryCallback('select * from i...', Array, Object(Closure))
#1 E:\\xampp73\\htdocs\\vaahcms-ready\\vendor\\laravel\\framework\\src\\Illuminate\\Database\\Connection.php(333): Illuminate\\Database\\Connection->run('select * from i...', Array, Object(Closure))
#2 E:\\xampp73\\htdocs\\vaahcms-ready\\vendor\\laravel\\framework\\src\\Illuminate\\Database\\Schema\\MySqlBuilder.php(18): Illuminate\\Database\\Connection->select('select * from i...', Array)
#3 E:\\xampp73\\htdocs\\vaahcms-ready\\vendor\\laravel\\framework\\src\\Illuminate\\Support\\Facades\\Facade.php(237): Illuminate\\Database\\Schema\\MySqlBuilder->hasTable('vh_modules')
#4 E:\\xampp73\\htdocs\\vaahcms-ready\\vendor\\webreinvent\\vaahcms\\src\\Providers\\ModulesServiceProvider.php(39): Illuminate\\Support\\Facades\\Facade::__callStatic('hasTable', Array)
#5 E:\\xampp73\\htdocs\\vaahcms-ready\\vendor\\webreinvent\\vaahcms\\src\\Providers\\ModulesServiceProvider.php(21): WebReinvent\\VaahCms\\Providers\\ModulesServiceProvider->registerModuleServiceProviders()
#6 [internal function]: WebReinvent\\VaahCms\\Providers\\ModulesServiceProvider->boot()
#7 E:\\xampp73\\htdocs\\vaahcms-ready\\vendor\\laravel\\framework\\src\\Illuminate\\Container\\BoundMethod.php(32): call_user_func_array(Array, Array)
#8 E:\\xampp73\\htdocs\\vaahcms-ready\\vendor\\laravel\\framework\\src\\Illuminate\\Container\\BoundMethod.php(90): Illuminate\\Container\\BoundMethod::Illuminate\\Container\\{closure}()
#9 E:\\xampp73\\htdocs\\vaahcms-ready\\vendor\\laravel\\framework\\src\\Illuminate\\Container\\BoundMethod.php(34): Illuminate\\Container\\BoundMethod::callBoundMethod(Object(Illuminate\\Foundation\\Application), Array, Object(Closure))
#10 E:\\xampp73\\htdocs\\vaahcms-ready\\vendor\\laravel\\framework\\src\\Illuminate\\Container\\Container.php(576): Illuminate\\Container\\BoundMethod::call(Object(Illuminate\\Foundation\\Application), Array, Array, NULL)
#11 E:\\xampp73\\htdocs\\vaahcms-ready\\vendor\\laravel\\framework\\src\\Illuminate\\Foundation\\Application.php(827): Illuminate\\Container\\Container->call(Array)
#12 E:\\xampp73\\htdocs\\vaahcms-ready\\vendor\\laravel\\framework\\src\\Illuminate\\Foundation\\Application.php(810): Illuminate\\Foundation\\Application->bootProvider(Object(WebReinvent\\VaahCms\\Providers\\ModulesServiceProvider))
#13 [internal function]: Illuminate\\Foundation\\Application->Illuminate\\Foundation\\{closure}(Object(WebReinvent\\VaahCms\\Providers\\ModulesServiceProvider), 26)
#14 E:\\xampp73\\htdocs\\vaahcms-ready\\vendor\\laravel\\framework\\src\\Illuminate\\Foundation\\Application.php(811): array_walk(Array, Object(Closure))
#15 E:\\xampp73\\htdocs\\vaahcms-ready\\vendor\\laravel\\framework\\src\\Illuminate\\Foundation\\Bootstrap\\BootProviders.php(17): Illuminate\\Foundation\\Application->boot()
#16 E:\\xampp73\\htdocs\\vaahcms-ready\\vendor\\laravel\\framework\\src\\Illuminate\\Foundation\\Application.php(210): Illuminate\\Foundation\\Bootstrap\\BootProviders->bootstrap(Object(Illuminate\\Foundation\\Application))
#17 E:\\xampp73\\htdocs\\vaahcms-ready\\vendor\\laravel\\framework\\src\\Illuminate\\Foundation\\Console\\Kernel.php(322): Illuminate\\Foundation\\Application->bootstrapWith(Array)
#18 E:\\xampp73\\htdocs\\vaahcms-ready\\vendor\\laravel\\framework\\src\\Illuminate\\Foundation\\Console\\Kernel.php(131): Illuminate\\Foundation\\Console\\Kernel->bootstrap()
#19 E:\\xampp73\\htdocs\\vaahcms-ready\\artisan(37): Illuminate\\Foundation\\Console\\Kernel->handle(Object(Symfony\\Component\\Console\\Input\\ArgvInput), Object(Symfony\\Component\\Console\\Output\\ConsoleOutput))
#20 {main}
"} 
